Removed Pin From Net: NetName=GND Pin=Li-2
Removed Member From Class: ClassName=Power1 Member=Li
Change component parameters: Designator = "C1"; Footprint = "CAP: 0805"; UniqueID = "\WBOLTPFL"
Change component parameters. Clean all parameters for all variants
Change component parameters (AddParameter): Name = "HelpURL"; Value = "https://www.digikey.com/product-detail/en/yageo/CC0805KRX7R7BB104/311-1142-1-ND/303052"; VariantName = "[No Variations]"
Change component parameters (AddParameter): Name = "Manufacturer"; Value = "Yageo"; VariantName = "[No Variations]"
Change component parameters (AddParameter): Name = "Package"; Value = "0805"; VariantName = "[No Variations]"
Change component parameters (AddParameter): Name = "PartNumber"; Value = "CC0805KRX7R7BB104"; VariantName = "[No Variations]"
Change component parameters (AddParameter): Name = "Temperature"; Value = "-55...+125°C"; VariantName = "[No Variations]"
Change component parameters (AddParameter): Name = "Tolerance"; Value = "±10%"; VariantName = "[No Variations]"
Change component parameters (AddParameter): Name = "TypeCapacitor"; Value = "Ceramic capacitor"; VariantName = "[No Variations]"
Change component parameters (AddParameter): Name = "TypeDielectric"; Value = "X7R"; VariantName = "[No Variations]"
Change component parameters (AddParameter): Name = "Value"; Value = "0.1?F"; VariantName = "[No Variations]"
Change component parameters (AddParameter): Name = "ValueManufacturerPartNumber"; Value = "Ceramic capacitor, 0.1?F, X7R, ±10%, Voltage, 0805, -55...+125°C"; VariantName = "[No Variations]"
Change component parameters: Designator = "C2"; Footprint = "CAP: D13C5H25"; UniqueID = "\AOOHEJTP"
Change component parameters. Clean all parameters for all variants
Change component parameters (AddParameter): Name = "HelpURL"; Value = "https://www.digikey.com/product-detail/en/wurth-electronics-inc/860080475013/732-9029-1-ND/5728972"; VariantName = "[No Variations]"
Change component parameters (AddParameter): Name = "Impedance"; Value = "54mOhm"; VariantName = "[No Variations]"
Change component parameters (AddParameter): Name = "Manufacturer"; Value = "Wurth"; VariantName = "[No Variations]"
Change component parameters (AddParameter): Name = "Package"; Value = "14x10x5 mm"; VariantName = "[No Variations]"
Change component parameters (AddParameter): Name = "PartNumber"; Value = "860080475013"; VariantName = "[No Variations]"
Change component parameters (AddParameter): Name = "Temperature"; Value = "-55...+105°C"; VariantName = "[No Variations]"
Change component parameters (AddParameter): Name = "Tolerance"; Value = "±20%"; VariantName = "[No Variations]"
Change component parameters (AddParameter): Name = "TypeCapacitor"; Value = "Aluminium capacitor"; VariantName = "[No Variations]"
Change component parameters (AddParameter): Name = "Value"; Value = "330?F"; VariantName = "[No Variations]"
Change component parameters (AddParameter): Name = "ValueManufacturerPartNumber"; Value = "Aluminium capacitor, 330?F, 25V, ±20%, 54mOhm, 14x10x5 mm, -55...+105°C"; VariantName = "[No Variations]"
Change component parameters (AddParameter): Name = "Voltage"; Value = "25V"; VariantName = "[No Variations]"
Change component parameters: Designator = "C3"; Footprint = "CAP: B32521"; UniqueID = "\VCFVHACS"
Change component parameters. Clean all parameters for all variants
Change component parameters (AddParameter): Name = "HelpURL"; Value = "https://www.digikey.com/product-detail/en/yageo/CC0805KRX7R7BB104/311-1142-1-ND/303052"; VariantName = "[No Variations]"
Change component parameters (AddParameter): Name = "Manufacturer"; Value = "Yageo"; VariantName = "[No Variations]"
Change component parameters (AddParameter): Name = "Package"; Value = "DIP"; VariantName = "[No Variations]"
Change component parameters (AddParameter): Name = "PartNumber"; Value = "CC0805KRX7R7BB104"; VariantName = "[No Variations]"
Change component parameters (AddParameter): Name = "Temperature"; Value = "-55...+125°C"; VariantName = "[No Variations]"
Change component parameters (AddParameter): Name = "Tolerance"; Value = "±10%"; VariantName = "[No Variations]"
Change component parameters (AddParameter): Name = "TypeCapacitor"; Value = "Ceramic capacitor"; VariantName = "[No Variations]"
Change component parameters (AddParameter): Name = "TypeDielectric"; Value = "X7R"; VariantName = "[No Variations]"
Change component parameters (AddParameter): Name = "Value"; Value = "0.1?F"; VariantName = "[No Variations]"
Change component parameters (AddParameter): Name = "ValueManufacturerPartNumber"; Value = "Ceramic capacitor, 0.1?F, X7R, ±10%, Voltage, DIP, -55...+125°C"; VariantName = "[No Variations]"
Change component parameters: Designator = "C4"; Footprint = "CAP: 0805"; UniqueID = "\BEGQPKBT"
Change component parameters. Clean all parameters for all variants
Change component parameters (AddParameter): Name = "HelpURL"; Value = "https://www.digikey.com/product-detail/en/yageo/CC0805KRX7R7BB104/311-1142-1-ND/303052"; VariantName = "[No Variations]"
Change component parameters (AddParameter): Name = "Manufacturer"; Value = "Yageo"; VariantName = "[No Variations]"
Change component parameters (AddParameter): Name = "Package"; Value = "0805"; VariantName = "[No Variations]"
Change component parameters (AddParameter): Name = "PartNumber"; Value = "CC0805KRX7R7BB104"; VariantName = "[No Variations]"
Change component parameters (AddParameter): Name = "Temperature"; Value = "-55...+125°C"; VariantName = "[No Variations]"
Change component parameters (AddParameter): Name = "Tolerance"; Value = "±10%"; VariantName = "[No Variations]"
Change component parameters (AddParameter): Name = "TypeCapacitor"; Value = "Ceramic capacitor"; VariantName = "[No Variations]"
Change component parameters (AddParameter): Name = "TypeDielectric"; Value = "X7R"; VariantName = "[No Variations]"
Change component parameters (AddParameter): Name = "Value"; Value = "0.033?F"; VariantName = "[No Variations]"
Change component parameters (AddParameter): Name = "ValueManufacturerPartNumber"; Value = "Ceramic capacitor, 0.033?F, X7R, ±10%, Voltage, 0805, -55...+125°C"; VariantName = "[No Variations]"
Change component parameters: Designator = "C5"; Footprint = "CAP: 0805"; UniqueID = "\SONYREWH"
Change component parameters. Clean all parameters for all variants
Change component parameters (AddParameter): Name = "HelpURL"; Value = "https://www.digikey.com/product-detail/en/yageo/CC0805KRX7R7BB104/311-1142-1-ND/303052"; VariantName = "[No Variations]"
Change component parameters (AddParameter): Name = "Manufacturer"; Value = "Yageo"; VariantName = "[No Variations]"
Change component parameters (AddParameter): Name = "Package"; Value = "0805"; VariantName = "[No Variations]"
Change component parameters (AddParameter): Name = "PartNumber"; Value = "CC0805KRX7R7BB104"; VariantName = "[No Variations]"
Change component parameters (AddParameter): Name = "Temperature"; Value = "-55...+125°C"; VariantName = "[No Variations]"
Change component parameters (AddParameter): Name = "Tolerance"; Value = "±10%"; VariantName = "[No Variations]"
Change component parameters (AddParameter): Name = "TypeCapacitor"; Value = "Ceramic capacitor"; VariantName = "[No Variations]"
Change component parameters (AddParameter): Name = "TypeDielectric"; Value = "X7R"; VariantName = "[No Variations]"
Change component parameters (AddParameter): Name = "Value"; Value = "0.033?F"; VariantName = "[No Variations]"
Change component parameters (AddParameter): Name = "ValueManufacturerPartNumber"; Value = "Ceramic capacitor, 0.033?F, X7R, ±10%, Voltage, 0805, -55...+125°C"; VariantName = "[No Variations]"
Change component parameters: Designator = "C6"; Footprint = "CAP: 0805"; UniqueID = "\YVVRAYXD"
Change component parameters. Clean all parameters for all variants
Change component parameters (AddParameter): Name = "HelpURL"; Value = "https://www.digikey.com/product-detail/en/yageo/CC0805KRX7R7BB104/311-1142-1-ND/303052"; VariantName = "[No Variations]"
Change component parameters (AddParameter): Name = "Manufacturer"; Value = "Yageo"; VariantName = "[No Variations]"
Change component parameters (AddParameter): Name = "Package"; Value = "0805"; VariantName = "[No Variations]"
Change component parameters (AddParameter): Name = "PartNumber"; Value = "CC0805KRX7R7BB104"; VariantName = "[No Variations]"
Change component parameters (AddParameter): Name = "Temperature"; Value = "-55...+125°C"; VariantName = "[No Variations]"
Change component parameters (AddParameter): Name = "Tolerance"; Value = "±10%"; VariantName = "[No Variations]"
Change component parameters (AddParameter): Name = "TypeCapacitor"; Value = "Ceramic capacitor"; VariantName = "[No Variations]"
Change component parameters (AddParameter): Name = "TypeDielectric"; Value = "X7R"; VariantName = "[No Variations]"
Change component parameters (AddParameter): Name = "Value"; Value = "0.033?F"; VariantName = "[No Variations]"
Change component parameters (AddParameter): Name = "ValueManufacturerPartNumber"; Value = "Ceramic capacitor, 0.033?F, X7R, ±10%, Voltage, 0805, -55...+125°C"; VariantName = "[No Variations]"
Change component parameters: Designator = "C7"; Footprint = "CAP: 0805"; UniqueID = "\VWKAUEBL"
Change component parameters. Clean all parameters for all variants
Change component parameters (AddParameter): Name = "HelpURL"; Value = "https://www.digikey.com/product-detail/en/yageo/CC0805KRX7R7BB104/311-1142-1-ND/303052"; VariantName = "[No Variations]"
Change component parameters (AddParameter): Name = "Manufacturer"; Value = "Yageo"; VariantName = "[No Variations]"
Change component parameters (AddParameter): Name = "Package"; Value = "0805"; VariantName = "[No Variations]"
Change component parameters (AddParameter): Name = "PartNumber"; Value = "CC0805KRX7R7BB104"; VariantName = "[No Variations]"
Change component parameters (AddParameter): Name = "Temperature"; Value = "-55...+125°C"; VariantName = "[No Variations]"
Change component parameters (AddParameter): Name = "Tolerance"; Value = "±10%"; VariantName = "[No Variations]"
Change component parameters (AddParameter): Name = "TypeCapacitor"; Value = "Ceramic capacitor"; VariantName = "[No Variations]"
Change component parameters (AddParameter): Name = "TypeDielectric"; Value = "X7R"; VariantName = "[No Variations]"
Change component parameters (AddParameter): Name = "Value"; Value = "0.01?F"; VariantName = "[No Variations]"
Change component parameters (AddParameter): Name = "ValueManufacturerPartNumber"; Value = "Ceramic capacitor, 0.01?F, X7R, ±10%, Voltage, 0805, -55...+125°C"; VariantName = "[No Variations]"
Change component parameters: Designator = "C8"; Footprint = "CAP: 0805"; UniqueID = "\FBXBFJYR"
Change component parameters. Clean all parameters for all variants
Change component parameters (AddParameter): Name = "HelpURL"; Value = "https://www.digikey.com/product-detail/en/yageo/CC0805KRX7R7BB104/311-1142-1-ND/303052"; VariantName = "[No Variations]"
Change component parameters (AddParameter): Name = "Manufacturer"; Value = "Yageo"; VariantName = "[No Variations]"
Change component parameters (AddParameter): Name = "Package"; Value = "0805"; VariantName = "[No Variations]"
Change component parameters (AddParameter): Name = "PartNumber"; Value = "CC0805KRX7R7BB104"; VariantName = "[No Variations]"
Change component parameters (AddParameter): Name = "Temperature"; Value = "-55...+125°C"; VariantName = "[No Variations]"
Change component parameters (AddParameter): Name = "Tolerance"; Value = "±10%"; VariantName = "[No Variations]"
Change component parameters (AddParameter): Name = "TypeCapacitor"; Value = "Ceramic capacitor"; VariantName = "[No Variations]"
Change component parameters (AddParameter): Name = "TypeDielectric"; Value = "X7R"; VariantName = "[No Variations]"
Change component parameters (AddParameter): Name = "Value"; Value = "0.01?F"; VariantName = "[No Variations]"
Change component parameters (AddParameter): Name = "ValueManufacturerPartNumber"; Value = "Ceramic capacitor, 0.01?F, X7R, ±10%, Voltage, 0805, -55...+125°C"; VariantName = "[No Variations]"
Change component parameters: Designator = "C9"; Footprint = "CAP: 0805"; UniqueID = "\ORXECVMF"
Change component parameters. Clean all parameters for all variants
Change component parameters (AddParameter): Name = "HelpURL"; Value = "https://www.digikey.com/product-detail/en/yageo/CC0805KRX7R7BB104/311-1142-1-ND/303052"; VariantName = "[No Variations]"
Change component parameters (AddParameter): Name = "Manufacturer"; Value = "Yageo"; VariantName = "[No Variations]"
Change component parameters (AddParameter): Name = "Package"; Value = "0805"; VariantName = "[No Variations]"
Change component parameters (AddParameter): Name = "PartNumber"; Value = "CC0805KRX7R7BB104"; VariantName = "[No Variations]"
Change component parameters (AddParameter): Name = "Temperature"; Value = "-55...+125°C"; VariantName = "[No Variations]"
Change component parameters (AddParameter): Name = "Tolerance"; Value = "±10%"; VariantName = "[No Variations]"
Change component parameters (AddParameter): Name = "TypeCapacitor"; Value = "Ceramic capacitor"; VariantName = "[No Variations]"
Change component parameters (AddParameter): Name = "TypeDielectric"; Value = "X7R"; VariantName = "[No Variations]"
Change component parameters (AddParameter): Name = "Value"; Value = "0.1?F"; VariantName = "[No Variations]"
Change component parameters (AddParameter): Name = "ValueManufacturerPartNumber"; Value = "Ceramic capacitor, 0.1?F, X7R, ±10%, Voltage, 0805, -55...+125°C"; VariantName = "[No Variations]"
Change component parameters: Designator = "C10"; Footprint = "CAP: 0805"; UniqueID = "\KGFELGVM"
Change component parameters. Clean all parameters for all variants
Change component parameters (AddParameter): Name = "HelpURL"; Value = "https://www.digikey.com/product-detail/en/yageo/CC0805KRX7R7BB104/311-1142-1-ND/303052"; VariantName = "[No Variations]"
Change component parameters (AddParameter): Name = "Manufacturer"; Value = "Yageo"; VariantName = "[No Variations]"
Change component parameters (AddParameter): Name = "Package"; Value = "0805"; VariantName = "[No Variations]"
Change component parameters (AddParameter): Name = "PartNumber"; Value = "CC0805KRX7R7BB104"; VariantName = "[No Variations]"
Change component parameters (AddParameter): Name = "Temperature"; Value = "-55...+125°C"; VariantName = "[No Variations]"
Change component parameters (AddParameter): Name = "Tolerance"; Value = "±10%"; VariantName = "[No Variations]"
Change component parameters (AddParameter): Name = "TypeCapacitor"; Value = "Ceramic capacitor"; VariantName = "[No Variations]"
Change component parameters (AddParameter): Name = "TypeDielectric"; Value = "X7R"; VariantName = "[No Variations]"
Change component parameters (AddParameter): Name = "Value"; Value = "4.1?F"; VariantName = "[No Variations]"
Change component parameters (AddParameter): Name = "ValueManufacturerPartNumber"; Value = "Ceramic capacitor, 4.1?F, X7R, ±10%, Voltage, 0805, -55...+125°C"; VariantName = "[No Variations]"
Change component parameters: Designator = "C11"; Footprint = "CAP: 0805"; UniqueID = "\GIGEJFDU"
Change component parameters. Clean all parameters for all variants
Change component parameters (AddParameter): Name = "HelpURL"; Value = "https://www.digikey.com/product-detail/en/yageo/CC0805KRX7R7BB104/311-1142-1-ND/303052"; VariantName = "[No Variations]"
Change component parameters (AddParameter): Name = "Manufacturer"; Value = "Yageo"; VariantName = "[No Variations]"
Change component parameters (AddParameter): Name = "Package"; Value = "0805"; VariantName = "[No Variations]"
Change component parameters (AddParameter): Name = "PartNumber"; Value = "CC0805KRX7R7BB104"; VariantName = "[No Variations]"
Change component parameters (AddParameter): Name = "Temperature"; Value = "-55...+125°C"; VariantName = "[No Variations]"
Change component parameters (AddParameter): Name = "Tolerance"; Value = "±10%"; VariantName = "[No Variations]"
Change component parameters (AddParameter): Name = "TypeCapacitor"; Value = "Ceramic capacitor"; VariantName = "[No Variations]"
Change component parameters (AddParameter): Name = "TypeDielectric"; Value = "X7R"; VariantName = "[No Variations]"
Change component parameters (AddParameter): Name = "Value"; Value = "0.1?F"; VariantName = "[No Variations]"
Change component parameters (AddParameter): Name = "ValueManufacturerPartNumber"; Value = "Ceramic capacitor, 0.1?F, X7R, ±10%, Voltage, 0805, -55...+125°C"; VariantName = "[No Variations]"
Change component parameters: Designator = "C12"; Footprint = "CAP: 0805"; UniqueID = "\DADJALSD"
Change component parameters. Clean all parameters for all variants
Change component parameters (AddParameter): Name = "HelpURL"; Value = "https://www.digikey.com/product-detail/en/yageo/CC0805KRX7R7BB104/311-1142-1-ND/303052"; VariantName = "[No Variations]"
Change component parameters (AddParameter): Name = "Manufacturer"; Value = "Yageo"; VariantName = "[No Variations]"
Change component parameters (AddParameter): Name = "Package"; Value = "0805"; VariantName = "[No Variations]"
Change component parameters (AddParameter): Name = "PartNumber"; Value = "CC0805KRX7R7BB104"; VariantName = "[No Variations]"
Change component parameters (AddParameter): Name = "Temperature"; Value = "-55...+125°C"; VariantName = "[No Variations]"
Change component parameters (AddParameter): Name = "Tolerance"; Value = "±10%"; VariantName = "[No Variations]"
Change component parameters (AddParameter): Name = "TypeCapacitor"; Value = "Ceramic capacitor"; VariantName = "[No Variations]"
Change component parameters (AddParameter): Name = "TypeDielectric"; Value = "X7R"; VariantName = "[No Variations]"
Change component parameters (AddParameter): Name = "Value"; Value = "0.1?F"; VariantName = "[No Variations]"
Change component parameters (AddParameter): Name = "ValueManufacturerPartNumber"; Value = "Ceramic capacitor, 0.1?F, X7R, ±10%, Voltage, 0805, -55...+125°C"; VariantName = "[No Variations]"
Change component parameters: Designator = "L1"; Footprint = "IND: 0805"; UniqueID = "\ICSAWKLK"
Change component parameters. Clean all parameters for all variants
Change component parameters (AddParameter): Name = "HelpURL"; Value = "https://www.digikey.com/product-detail/en/murata-electronics-north-america/LQM21FN100M70L/490-4029-1-ND/1016289"; VariantName = "[No Variations]"
Change component parameters (AddParameter): Name = "Manufacturer"; Value = "Murata Electronics"; VariantName = "[No Variations]"
Change component parameters (AddParameter): Name = "MaxCurrent"; Value = "100mA"; VariantName = "[No Variations]"
Change component parameters (AddParameter): Name = "Package"; Value = "0805"; VariantName = "[No Variations]"
Change component parameters (AddParameter): Name = "PartNumber"; Value = "LQM21FN100M70L"; VariantName = "[No Variations]"
Change component parameters (AddParameter): Name = "Temperature"; Value = "-55...+125°C"; VariantName = "[No Variations]"
Change component parameters (AddParameter): Name = "TypeInductor"; Value = "Fixed inductor"; VariantName = "[No Variations]"
Change component parameters (AddParameter): Name = "Value"; Value = "10?H"; VariantName = "[No Variations]"
Change component parameters (AddParameter): Name = "ValueManufacturerPartNumber"; Value = "Fixed inductor, 10?H, Tolerance, 0805, 100mA, -55...+125°C"; VariantName = "[No Variations]"
Added Component: Designator=K1(REL: RT314005)
Add component. Clean all parameters for all variants
Add component (AddParameter): Name = "HelpURL"; Value = "https://www.chipdip.ru/product/9-1393239-1-rt314005"; VariantName = "[No Variations]"
Add component (AddParameter): Name = "Manufacturer"; Value = "TE"; VariantName = "[No Variations]"
Add component (AddParameter): Name = "MaxCurrent"; Value = "16A"; VariantName = "[No Variations]"
Add component (AddParameter): Name = "Package"; Value = "2NO+2NC"; VariantName = "[No Variations]"
Add component (AddParameter): Name = "PartNumber"; Value = "RT314(1)"; VariantName = "[No Variations]"
Add component (AddParameter): Name = "Temperature"; Value = "-40...+85°C"; VariantName = "[No Variations]"
Add component (AddParameter): Name = "TypeRelay"; Value = "Electromechanics relay"; VariantName = "[No Variations]"
Add component (AddParameter): Name = "ValueManufacturerPartNumber"; Value = "Electromechanics relay, 3VDC, 250VAC, 16A, 2NO+2NC, -40...+85°C"; VariantName = "[No Variations]"
Add component (AddParameter): Name = "VoltageControlCoil"; Value = "3VDC"; VariantName = "[No Variations]"
Add component (AddParameter): Name = "VoltageMax"; Value = "250VAC"; VariantName = "[No Variations]"
Added Component: Designator=X7(CON: B2B-EH-A)
Add component. Clean all parameters for all variants
Add component (AddParameter): Name = "CommentText"; Value = ""Ðàçúåì""; VariantName = "[No Variations]"
Add component (AddParameter): Name = "CurrentMax"; Value = "3A"; VariantName = "[No Variations]"
Add component (AddParameter): Name = "HelpURL"; Value = "https://www.digikey.com/product-detail/en/jst-sales-america-inc/B2B-EH-A-LF-SN/455-1611-ND/926520"; VariantName = "[No Variations]"
Add component (AddParameter): Name = "Manufacturer"; Value = "JST"; VariantName = "[No Variations]"
Add component (AddParameter): Name = "Multichannel"; Value = "2pin"; VariantName = "[No Variations]"
Add component (AddParameter): Name = "PartNumber"; Value = "B2B-EH-A"; VariantName = "[No Variations]"
Add component (AddParameter): Name = "Pitch"; Value = "2.5 mm"; VariantName = "[No Variations]"
Add component (AddParameter): Name = "TypeConnector"; Value = "Connector"; VariantName = "[No Variations]"
Add component (AddParameter): Name = "ValueManufacturerPartNumber"; Value = "Connector, 2pin, 2.5 mm, 250V, 3A"; VariantName = "[No Variations]"
Add component (AddParameter): Name = "VoltageMax"; Value = "250V"; VariantName = "[No Variations]"
Added Component: Designator=X11(CON: B2B-EH-A)
Add component. Clean all parameters for all variants
Add component (AddParameter): Name = "CommentText"; Value = ""Ðàçúåì""; VariantName = "[No Variations]"
Add component (AddParameter): Name = "CurrentMax"; Value = "3A"; VariantName = "[No Variations]"
Add component (AddParameter): Name = "HelpURL"; Value = "https://www.digikey.com/product-detail/en/jst-sales-america-inc/B2B-EH-A-LF-SN/455-1611-ND/926520"; VariantName = "[No Variations]"
Add component (AddParameter): Name = "Manufacturer"; Value = "JST"; VariantName = "[No Variations]"
Add component (AddParameter): Name = "Multichannel"; Value = "2pin"; VariantName = "[No Variations]"
Add component (AddParameter): Name = "PartNumber"; Value = "B2B-EH-A"; VariantName = "[No Variations]"
Add component (AddParameter): Name = "Pitch"; Value = "2.5 mm"; VariantName = "[No Variations]"
Add component (AddParameter): Name = "TypeConnector"; Value = "Connector"; VariantName = "[No Variations]"
Add component (AddParameter): Name = "ValueManufacturerPartNumber"; Value = "Connector, 2pin, 2.5 mm, 250V, 3A"; VariantName = "[No Variations]"
Add component (AddParameter): Name = "VoltageMax"; Value = "250V"; VariantName = "[No Variations]"
Added Component: Designator=X12(CON: B2B-EH-A)
Add component. Clean all parameters for all variants
Add component (AddParameter): Name = "CommentText"; Value = ""Ðàçúåì""; VariantName = "[No Variations]"
Add component (AddParameter): Name = "CurrentMax"; Value = "3A"; VariantName = "[No Variations]"
Add component (AddParameter): Name = "HelpURL"; Value = "https://www.digikey.com/product-detail/en/jst-sales-america-inc/B2B-EH-A-LF-SN/455-1611-ND/926520"; VariantName = "[No Variations]"
Add component (AddParameter): Name = "Manufacturer"; Value = "JST"; VariantName = "[No Variations]"
Add component (AddParameter): Name = "Multichannel"; Value = "2pin"; VariantName = "[No Variations]"
Add component (AddParameter): Name = "PartNumber"; Value = "B2B-EH-A"; VariantName = "[No Variations]"
Add component (AddParameter): Name = "Pitch"; Value = "2.5 mm"; VariantName = "[No Variations]"
Add component (AddParameter): Name = "TypeConnector"; Value = "Connector"; VariantName = "[No Variations]"
Add component (AddParameter): Name = "ValueManufacturerPartNumber"; Value = "Connector, 2pin, 2.5 mm, 250V, 3A"; VariantName = "[No Variations]"
Add component (AddParameter): Name = "VoltageMax"; Value = "250V"; VariantName = "[No Variations]"
Added Component: Designator=X13(CON: B2B-EH-A)
Add component. Clean all parameters for all variants
Add component (AddParameter): Name = "CommentText"; Value = ""Ðàçúåì""; VariantName = "[No Variations]"
Add component (AddParameter): Name = "CurrentMax"; Value = "3A"; VariantName = "[No Variations]"
Add component (AddParameter): Name = "HelpURL"; Value = "https://www.digikey.com/product-detail/en/jst-sales-america-inc/B2B-EH-A-LF-SN/455-1611-ND/926520"; VariantName = "[No Variations]"
Add component (AddParameter): Name = "Manufacturer"; Value = "JST"; VariantName = "[No Variations]"
Add component (AddParameter): Name = "Multichannel"; Value = "2pin"; VariantName = "[No Variations]"
Add component (AddParameter): Name = "PartNumber"; Value = "B2B-EH-A"; VariantName = "[No Variations]"
Add component (AddParameter): Name = "Pitch"; Value = "2.5 mm"; VariantName = "[No Variations]"
Add component (AddParameter): Name = "TypeConnector"; Value = "Connector"; VariantName = "[No Variations]"
Add component (AddParameter): Name = "ValueManufacturerPartNumber"; Value = "Connector, 2pin, 2.5 mm, 250V, 3A"; VariantName = "[No Variations]"
Add component (AddParameter): Name = "VoltageMax"; Value = "250V"; VariantName = "[No Variations]"
Added Component: Designator=X14(CON: B2B-EH-A)
Add component. Clean all parameters for all variants
Add component (AddParameter): Name = "CommentText"; Value = ""Ðàçúåì""; VariantName = "[No Variations]"
Add component (AddParameter): Name = "CurrentMax"; Value = "3A"; VariantName = "[No Variations]"
Add component (AddParameter): Name = "HelpURL"; Value = "https://www.digikey.com/product-detail/en/jst-sales-america-inc/B2B-EH-A-LF-SN/455-1611-ND/926520"; VariantName = "[No Variations]"
Add component (AddParameter): Name = "Manufacturer"; Value = "JST"; VariantName = "[No Variations]"
Add component (AddParameter): Name = "Multichannel"; Value = "2pin"; VariantName = "[No Variations]"
Add component (AddParameter): Name = "PartNumber"; Value = "B2B-EH-A"; VariantName = "[No Variations]"
Add component (AddParameter): Name = "Pitch"; Value = "2.5 mm"; VariantName = "[No Variations]"
Add component (AddParameter): Name = "TypeConnector"; Value = "Connector"; VariantName = "[No Variations]"
Add component (AddParameter): Name = "ValueManufacturerPartNumber"; Value = "Connector, 2pin, 2.5 mm, 250V, 3A"; VariantName = "[No Variations]"
Add component (AddParameter): Name = "VoltageMax"; Value = "250V"; VariantName = "[No Variations]"
Added Pin To Net: NetName=NetK1_11 Pin=K1-11
Added Pin To Net: NetName=NetK1_12 Pin=K1-12
Added Pin To Net: NetName=NetK1_14 Pin=K1-14
Added Pin To Net: NetName=NetK1_A1 Pin=K1-A1
Added Pin To Net: NetName=5V DC Pin=K1-A2
Added Pin To Net: NetName=GND Pin=X14-2
Change Net Name : Old Net Name=NetC7_1 New Net Name=IN1
Added Pin To Net: NetName=NetVD5_1 Pin=VD5-1
Added Pin To Net: NetName=NetVD5_1 Pin=X14-1
Added Net: Name=NetVD5_1
Added Pin To Net: NetName=NetX7_1 Pin=X7-1
Added Pin To Net: NetName=NetX7_1 Pin=X11-1
Added Pin To Net: NetName=NetX7_1 Pin=X12-1
Added Net: Name=NetX7_1
Added Pin To Net: NetName=NetX7_2 Pin=X7-2
Added Pin To Net: NetName=NetX7_2 Pin=X11-2
Added Pin To Net: NetName=NetX7_2 Pin=X12-2
Added Net: Name=NetX7_2
Added Member To Class: ClassName=Power1 Member=Component K1 Electromechanics relay, 3VDC, 250VAC, 16A, 2NO+2NC, -40...+85°C
Added Member To Class: ClassName=Power1 Member=Component X4 Connector, 2pin, 10mm, 1000V, 20A
Added Member To Class: ClassName=Power1 Member=Component X7 Connector, 2pin, 2.5 mm, 250V, 3A
Added Member To Class: ClassName=Power1 Member=Component X11 Connector, 2pin, 2.5 mm, 250V, 3A
Added Member To Class: ClassName=Power1 Member=Component X12 Connector, 2pin, 2.5 mm, 250V, 3A
Added Member To Class: ClassName=Power1 Member=Component X13 Connector, 2pin, 2.5 mm, 250V, 3A
Added Member To Class: ClassName=Power1 Member=Component X14 Connector, 2pin, 2.5 mm, 250V, 3A
Added Room: Name=Power1
