Removed Pin From Net: NetName=GND Pin=Li-2
Added Component: Designator=K1(REL: RT314005)
Add component. Clean all parameters for all variants
Add component (AddParameter): Name = "HelpURL"; Value = "https://www.chipdip.ru/product/9-1393239-1-rt314005"; VariantName = "[No Variations]"
Add component (AddParameter): Name = "Manufacturer"; Value = "TE"; VariantName = "[No Variations]"
Add component (AddParameter): Name = "MaxCurrent"; Value = "16A"; VariantName = "[No Variations]"
Add component (AddParameter): Name = "Package"; Value = "2NO+2NC"; VariantName = "[No Variations]"
Add component (AddParameter): Name = "PartNumber"; Value = "RT314(1)"; VariantName = "[No Variations]"
Add component (AddParameter): Name = "Temperature"; Value = "-40...+85°C"; VariantName = "[No Variations]"
Add component (AddParameter): Name = "TypeRelay"; Value = "Electromechanics relay"; VariantName = "[No Variations]"
Add component (AddParameter): Name = "ValueManufacturerPartNumber"; Value = "Electromechanics relay, 3VDC, 250VAC, 16A, 2NO+2NC, -40...+85°C"; VariantName = "[No Variations]"
Add component (AddParameter): Name = "VoltageControlCoil"; Value = "3VDC"; VariantName = "[No Variations]"
Add component (AddParameter): Name = "VoltageMax"; Value = "250VAC"; VariantName = "[No Variations]"
Added Component: Designator=K2(REL: RT314005)
Add component. Clean all parameters for all variants
Add component (AddParameter): Name = "HelpURL"; Value = "https://www.chipdip.ru/product/9-1393239-1-rt314005"; VariantName = "[No Variations]"
Add component (AddParameter): Name = "Manufacturer"; Value = "TE"; VariantName = "[No Variations]"
Add component (AddParameter): Name = "MaxCurrent"; Value = "16A"; VariantName = "[No Variations]"
Add component (AddParameter): Name = "Package"; Value = "2NO+2NC"; VariantName = "[No Variations]"
Add component (AddParameter): Name = "PartNumber"; Value = "RT314_2"; VariantName = "[No Variations]"
Add component (AddParameter): Name = "Temperature"; Value = "-40...+85°C"; VariantName = "[No Variations]"
Add component (AddParameter): Name = "TypeRelay"; Value = "Electromechanics relay"; VariantName = "[No Variations]"
Add component (AddParameter): Name = "ValueManufacturerPartNumber"; Value = "Electromechanics relay, 3VDC, 250VAC, 16A, 2NO+2NC, -40...+85°C"; VariantName = "[No Variations]"
Add component (AddParameter): Name = "VoltageControlCoil"; Value = "3VDC"; VariantName = "[No Variations]"
Add component (AddParameter): Name = "VoltageMax"; Value = "250VAC"; VariantName = "[No Variations]"
Added Component: Designator=X14(CON: B2B-EH-A)
Add component. Clean all parameters for all variants
Add component (AddParameter): Name = "CommentText"; Value = ""Ðàçúåì""; VariantName = "[No Variations]"
Add component (AddParameter): Name = "CurrentMax"; Value = "3A"; VariantName = "[No Variations]"
Add component (AddParameter): Name = "HelpURL"; Value = "https://www.digikey.com/product-detail/en/jst-sales-america-inc/B2B-EH-A-LF-SN/455-1611-ND/926520"; VariantName = "[No Variations]"
Add component (AddParameter): Name = "Manufacturer"; Value = "JST"; VariantName = "[No Variations]"
Add component (AddParameter): Name = "Multichannel"; Value = "2pin"; VariantName = "[No Variations]"
Add component (AddParameter): Name = "PartNumber"; Value = "B2B-EH-A"; VariantName = "[No Variations]"
Add component (AddParameter): Name = "Pitch"; Value = "2.5 mm"; VariantName = "[No Variations]"
Add component (AddParameter): Name = "TypeConnector"; Value = "Connector"; VariantName = "[No Variations]"
Add component (AddParameter): Name = "ValueManufacturerPartNumber"; Value = "Connector, 2pin, 2.5 mm, 250V, 3A"; VariantName = "[No Variations]"
Add component (AddParameter): Name = "VoltageMax"; Value = "250V"; VariantName = "[No Variations]"
Added Pin To Net: NetName=NetK1_11 Pin=K1-11
Added Pin To Net: NetName=NetK1_12 Pin=K1-12
Added Pin To Net: NetName=NetK1_14 Pin=K1-14
Added Pin To Net: NetName=NetK1_A1 Pin=K1-A1
Added Pin To Net: NetName=5V DC Pin=K1-A2
Added Pin To Net: NetName=NetK1_11 Pin=K2-21
Added Pin To Net: NetName=NetK1_12 Pin=K2-22
Added Pin To Net: NetName=NetK1_14 Pin=K2-24
Added Pin To Net: NetName=GND Pin=X14-2
Change Net Name : Old Net Name=NetC7_1 New Net Name=IN1
Added Pin To Net: NetName=NetVD5_1 Pin=VD5-1
Added Pin To Net: NetName=NetVD5_1 Pin=X14-1
Added Net: Name=NetVD5_1
Added Member To Class: ClassName=Power1 Member=Component K1 Electromechanics relay, 3VDC, 250VAC, 16A, 2NO+2NC, -40...+85°C
Added Member To Class: ClassName=Power1 Member=Component K2 Electromechanics relay, 3VDC, 250VAC, 16A, 2NO+2NC, -40...+85°C
Added Member To Class: ClassName=Power1 Member=Component X14 Connector, 2pin, 2.5 mm, 250V, 3A
